Determining if the pthread_create exist failed with the following output:
Change Dir: /home/ruic7/mymtt/build/CMakeFiles/CMakeTmp

Run Build Command:"/usr/bin/make" "cmTC_45b71/fast"
/usr/bin/make -f CMakeFiles/cmTC_45b71.dir/build.make CMakeFiles/cmTC_45b71.dir/build
make[1]: Entering directory '/home/ruic7/mymtt/build/CMakeFiles/CMakeTmp'
Building C object CMakeFiles/cmTC_45b71.dir/CheckSymbolExists.c.o
/usr/bin/cc    -o CMakeFiles/cmTC_45b71.dir/CheckSymbolExists.c.o   -c /home/ruic7/mymtt/build/CMakeFiles/CMakeTmp/CheckSymbolExists.c
Linking C executable cmTC_45b71
/usr/bin/cmake -E cmake_link_script CMakeFiles/cmTC_45b71.dir/link.txt --verbose=1
/usr/bin/cc      -rdynamic CMakeFiles/cmTC_45b71.dir/CheckSymbolExists.c.o  -o cmTC_45b71 
CMakeFiles/cmTC_45b71.dir/CheckSymbolExists.c.o: In function `main':
CheckSymbolExists.c:(.text+0x1b): undefined reference to `pthread_create'
collect2: error: ld returned 1 exit status
CMakeFiles/cmTC_45b71.dir/build.make:97: recipe for target 'cmTC_45b71' failed
make[1]: *** [cmTC_45b71] Error 1
make[1]: Leaving directory '/home/ruic7/mymtt/build/CMakeFiles/CMakeTmp'
Makefile:126: recipe for target 'cmTC_45b71/fast' failed
make: *** [cmTC_45b71/fast] Error 2

File /home/ruic7/mymtt/build/CMakeFiles/CMakeTmp/CheckSymbolExists.c:
/* */
#include <pthread.h>

int main(int argc, char** argv)
{
  (void)argv;
#ifndef pthread_create
  return ((int*)(&pthread_create))[argc];
#else
  (void)argc;
  return 0;
#endif
}

Determining if the function pthread_create exists in the pthreads failed with the following output:
Change Dir: /home/ruic7/mymtt/build/CMakeFiles/CMakeTmp

Run Build Command:"/usr/bin/make" "cmTC_942d5/fast"
/usr/bin/make -f CMakeFiles/cmTC_942d5.dir/build.make CMakeFiles/cmTC_942d5.dir/build
make[1]: Entering directory '/home/ruic7/mymtt/build/CMakeFiles/CMakeTmp'
Building C object CMakeFiles/cmTC_942d5.dir/CheckFunctionExists.c.o
/usr/bin/cc   -DCHECK_FUNCTION_EXISTS=pthread_create   -o CMakeFiles/cmTC_942d5.dir/CheckFunctionExists.c.o   -c /usr/share/cmake-3.10/Modules/CheckFunctionExists.c
Linking C executable cmTC_942d5
/usr/bin/cmake -E cmake_link_script CMakeFiles/cmTC_942d5.dir/link.txt --verbose=1
/usr/bin/cc  -DCHECK_FUNCTION_EXISTS=pthread_create    -rdynamic CMakeFiles/cmTC_942d5.dir/CheckFunctionExists.c.o  -o cmTC_942d5 -lpthreads 
/usr/bin/ld: cannot find -lpthreads
collect2: error: ld returned 1 exit status
CMakeFiles/cmTC_942d5.dir/build.make:97: recipe for target 'cmTC_942d5' failed
make[1]: *** [cmTC_942d5] Error 1
make[1]: Leaving directory '/home/ruic7/mymtt/build/CMakeFiles/CMakeTmp'
Makefile:126: recipe for target 'cmTC_942d5/fast' failed
make: *** [cmTC_942d5/fast] Error 2


